<?xml version="1.0" encoding="UTF-8"?>
<!-- Generated by org.testng.reporters.JUnitXMLReporter -->
<testsuite ignored="0" hostname="DESKTOP-3GS2THR" failures="1" tests="1" name="Test2 windows and edge" time="69.722" errors="0" timestamp="2024-12-09T01:46:36 IST">
  <testcase classname="testCases.TC001_AccountRegistration_Test" name="verfiAccountRegistration" time="11.169">
    <failure type="java.lang.AssertionError" message="expected [true] but found [false]">
      <![CDATA[java.lang.AssertionError: expected [true] but found [false]
at testCases.TC001_AccountRegistration_Test.verfiAccountRegistration(TC001_AccountRegistration_Test.java:61)
at java.base/java.util.ArrayList.forEach(ArrayList.java:1597)
at java.base/java.util.concurrent.FutureTask.run(FutureTask.java:317)
at java.base/java.util.concurrent.ThreadPoolExecutor.runWorker(ThreadPoolExecutor.java:1144)
at java.base/java.util.concurrent.ThreadPoolExecutor$Worker.run(ThreadPoolExecutor.java:642)
at java.base/java.lang.Thread.run(Thread.java:1570)
... Removed 19 stack frames]]>
    </failure>
  </testcase> <!-- verfiAccountRegistration -->
</testsuite> <!-- Test2 windows and edge -->
